Loading required package: foreach
Loading required package: iterators
Loading required package: parallel
=== PART 1: Original Code ===
Elapsed time: 97.744 seconds
Res values:
 [1]   -28.22559    36.64656    15.40451    23.33129   -53.76236   -15.88296
 [7]   -20.22855   104.81337    16.73784    18.17527 -3445.86312   -18.07226
[13]   -16.80578  -111.53035    20.07449    15.92461    55.42290   -23.09551
[19]   -15.42458   -37.37079    27.84286    15.25095    28.62125   -35.95263
[25]   -15.38570   -23.57380    52.20241    15.84278    20.38660   -98.86681
[31]   -16.67174   -18.28089  1148.65104    17.97182    16.87560   119.17716
[37]   -19.92431   -15.96772   -57.19390    22.86622    15.44591    38.12727
[43]   -27.47250   -15.25274   -29.03048    35.28720    15.36814    23.82330
[49]   -50.73429   -15.80403   -20.54876    93.56572    16.60747    18.38921
[55]  -689.22662   -17.87387   -16.94734  -127.96050    19.77790    16.01233
[61]    59.08661   -22.64319   -15.46851   -38.91813

DEBUG: any NA in d_vals? FALSE 
DEBUG: any NA in row_trig? FALSE 
DEBUG: range of d_vals: 0 256 
DEBUG: first 5 row_trig: 0.4161468 0.6536436 -0.9601703 0.1455 0.8390715 

=== PART 2: Optimized Serial Code ===
Elapsed time: 1.576 seconds
Speedup over original: 62 x
Res values:
 [1]   -28.22559    36.64656    15.40451    23.33129   -53.76236   -15.88296
 [7]   -20.22855   104.81337    16.73784    18.17527 -3445.86312   -18.07226
[13]   -16.80578  -111.53035    20.07449    15.92461    55.42290   -23.09551
[19]   -15.42458   -37.37079    27.84286    15.25095    28.62125   -35.95263
[25]   -15.38570   -23.57380    52.20241    15.84278    20.38660   -98.86681
[31]   -16.67174   -18.28089  1148.65104    17.97182    16.87560   119.17716
[37]   -19.92431   -15.96772   -57.19390    22.86622    15.44591    38.12727
[43]   -27.47250   -15.25274   -29.03048    35.28720    15.36814    23.82330
[49]   -50.73429   -15.80403   -20.54876    93.56572    16.60747    18.38921
[55]  -689.22662   -17.87387   -16.94734  -127.96050    19.77790    16.01233
[61]    59.08661   -22.64319   -15.46851   -38.91813
Max difference from original: 2.273737e-12 
Results match: TRUE 

Cores: 4 | Elapsed: 0.736 seconds
Cores: 8 | Elapsed: 0.77 seconds
Cores: 16 | Elapsed: 0.909 seconds
Cores: 32 | Elapsed: 1.611 seconds
Cores: 64 | Elapsed: 2.822 seconds

=== PART 3: Parallel Results ===
Max difference from original: 2.273737e-12 

Summary of parallel times:
  Cores: 4 | Time: 0.736 s | Speedup vs serial opt: 2.14 x
  Cores: 8 | Time: 0.77 s | Speedup vs serial opt: 2.05 x
  Cores: 16 | Time: 0.909 s | Speedup vs serial opt: 1.73 x
  Cores: 32 | Time: 1.611 s | Speedup vs serial opt: 0.98 x
  Cores: 64 | Time: 2.822 s | Speedup vs serial opt: 0.56 x
null device 
          1 

Plot saved to parallel_plot.pdf

=== ALL DONE ===
